<?xml version="1.0" encoding="UTF-8"?>
<robot generator="Robot 7.4.2 (Python 3.13.2 on win32)" generated="2026-04-15T18:37:51.619240" rpa="false" schemaversion="5">
<suite id="s1" name="Login Crypto Test" source="C:\Users\Koti\Desktop\hyte web1\backend week6\test\login_crypto_test.robot">
<test id="s1-t1" name="Login Test With Crypto" line="11">
<kw name="New Browser" owner="Browser">
<msg time="2026-04-15T18:37:53.381038" level="INFO">{"browser": "chromium", "headless": false, "chromiumSandbox": false, "devtools": false, "handleSIGHUP": true, "handleSIGINT": true, "handleSIGTERM": true, "slowMo": 0.0, "timeout": 30000.0, "tracesDir": "C:\\Users\\Koti\\Desktop\\hyte web1\\backend week6\\outputs\\browser\\traces\\temp\\9015fdd4-fd00-4cf8-ad8d-99ae786f99e0"}</msg>
<msg time="2026-04-15T18:37:53.555747" level="INFO">Starting Browser process C:\Users\Koti\AppData\Local\Programs\Python\Python313\Lib\site-packages\Browser\wrapper\index.js using at 127.0.0.1:64596</msg>
<msg time="2026-04-15T18:37:59.039056" level="INFO">Successfully created browser with options: {"browser":"chromium","headless":false,"chromiumSandbox":false,"devtools":false,"handleSIGHUP":true,"handleSIGINT":true,"handleSIGTERM":true,"slowMo":0,"timeout":30000,"tracesDir":"C:\\Users\\Koti\\Desktop\\hyte web1\\backend week6\\outputs\\browser\\traces\\temp\\9015fdd4-fd00-4cf8-ad8d-99ae786f99e0"}</msg>
<arg>chromium</arg>
<arg>headless=False</arg>
<tag>BrowserControl</tag>
<tag>Setter</tag>
<doc>Create a new playwright Browser with specified options.</doc>
<status status="PASS" start="2026-04-15T18:37:53.377844" elapsed="5.661712"/>
</kw>
<kw name="New Page" owner="Browser">
<msg time="2026-04-15T18:38:01.039782" level="INFO">Successfully initialized new page object and opened url: http://localhost:5173/login.html</msg>
<msg time="2026-04-15T18:38:01.040018" level="INFO">No context was open. New context was automatically opened when this page is created.</msg>
<arg>http://localhost:5173/login.html</arg>
<tag>BrowserControl</tag>
<tag>Setter</tag>
<doc>Open a new Page.</doc>
<status status="PASS" start="2026-04-15T18:37:59.056032" elapsed="1.984780"/>
</kw>
<kw name="Get Decrypted Text" owner="CryptoLibrary">
<msg time="2026-04-15T18:38:01.042500" level="INFO">Decrypting text and return value.</msg>
<msg time="2026-04-15T18:38:02.578109" level="INFO">${username} = "***"</msg>
<var>${username}</var>
<arg>${ENC_USERNAME}</arg>
<doc>Decrypts cipher text and returns the plain text.</doc>
<status status="PASS" start="2026-04-15T18:38:01.041689" elapsed="1.537604"/>
</kw>
<kw name="Get Decrypted Text" owner="CryptoLibrary">
<msg time="2026-04-15T18:38:02.582261" level="INFO">Decrypting text and return value.</msg>
<msg time="2026-04-15T18:38:02.583222" level="INFO">${password} = "***"</msg>
<var>${password}</var>
<arg>${ENC_PASSWORD}</arg>
<doc>Decrypts cipher text and returns the plain text.</doc>
<status status="PASS" start="2026-04-15T18:38:02.580335" elapsed="0.003684"/>
</kw>
<kw name="Wait For Elements State" owner="Browser">
<msg time="2026-04-15T18:38:02.931722" level="INFO">Waited for Element with selector css=form.loginForm input[name="username"] at state visible</msg>
<arg>css=form.loginForm input[name="username"]</arg>
<arg>visible</arg>
<arg>5s</arg>
<tag>PageContent</tag>
<tag>Wait</tag>
<doc>Waits for the element found by ``selector`` to satisfy state option.</doc>
<status status="PASS" start="2026-04-15T18:38:02.593349" elapsed="0.338856"/>
</kw>
<kw name="Fill Text" owner="Browser">
<msg time="2026-04-15T18:38:02.952560" level="INFO">Fills the text '***' in the given field.</msg>
<arg>css=form.loginForm input[name="username"]</arg>
<arg>${username}</arg>
<tag>PageContent</tag>
<tag>Setter</tag>
<doc>Clears and fills the given ``txt`` into the text field found by ``selector``.</doc>
<status status="PASS" start="2026-04-15T18:38:02.950772" elapsed="0.169154"/>
</kw>
<kw name="Wait For Elements State" owner="Browser">
<msg time="2026-04-15T18:38:03.184747" level="INFO">Waited for Element with selector css=form.loginForm input[name="password"] at state visible</msg>
<arg>css=form.loginForm input[name="password"]</arg>
<arg>visible</arg>
<arg>5s</arg>
<tag>PageContent</tag>
<tag>Wait</tag>
<doc>Waits for the element found by ``selector`` to satisfy state option.</doc>
<status status="PASS" start="2026-04-15T18:38:03.122844" elapsed="0.062330"/>
</kw>
<kw name="Fill Text" owner="Browser">
<msg time="2026-04-15T18:38:03.192853" level="INFO">Fills the text '***' in the given field.</msg>
<arg>css=form.loginForm input[name="password"]</arg>
<arg>${password}</arg>
<tag>PageContent</tag>
<tag>Setter</tag>
<doc>Clears and fills the given ``txt`` into the text field found by ``selector``.</doc>
<status status="PASS" start="2026-04-15T18:38:03.191191" elapsed="0.045728"/>
</kw>
<kw name="Click" owner="Browser">
<msg time="2026-04-15T18:38:03.243073" level="INFO">Clicks the element 'css=form.loginForm input[value="Login and get new token"]'.</msg>
<arg>css=form.loginForm input[value="Login and get new token"]</arg>
<tag>PageContent</tag>
<tag>Setter</tag>
<doc>Simulates mouse click on the element found by ``selector``.</doc>
<status status="PASS" start="2026-04-15T18:38:03.241532" elapsed="0.192647"/>
</kw>
<kw name="Sleep" owner="BuiltIn">
<msg time="2026-04-15T18:38:06.441106" level="INFO">Slept 3 seconds.</msg>
<arg>3s</arg>
<doc>Pauses the test executed for the given time.</doc>
<status status="PASS" start="2026-04-15T18:38:03.439179" elapsed="3.002325"/>
</kw>
<kw name="Evaluate JavaScript" owner="Browser">
<msg time="2026-04-15T18:38:06.881066" level="INFO" html="true">&lt;/td&gt;&lt;/tr&gt;&lt;tr&gt;&lt;td colspan="3"&gt;&lt;a href="browser/screenshot/fail-screenshot-1.png" target="_blank"&gt;&lt;img src="browser/screenshot/fail-screenshot-1.png" width="800px"/&gt;&lt;/a&gt;</msg>
<msg time="2026-04-15T18:38:06.881916" level="INFO">See also file:///C:/Users/Koti/Desktop/hyte%20web1/backend%20week6/outputs/playwright-log-1776267472651651000.txt for additional details.</msg>
<msg time="2026-04-15T18:38:06.883921" level="FAIL">Error: locator.evaluate: Unexpected token "getItem(" while parsing css selector "localStorage.getItem('token')". Did you mean to CSS.escape it?
Call log:
  - waiting for localStorage.getItem('token')
</msg>
<var>${token}</var>
<arg>localStorage.getItem('token')</arg>
<tag>Getter</tag>
<tag>PageContent</tag>
<tag>Setter</tag>
<doc>Executes given javascript on the selected element(s) or on page.</doc>
<status status="FAIL" start="2026-04-15T18:38:06.442395" elapsed="0.990951">Error: locator.evaluate: Unexpected token "getItem(" while parsing css selector "localStorage.getItem('token')". Did you mean to CSS.escape it?
Call log:
  - waiting for localStorage.getItem('token')
</status>
</kw>
<kw name="Should Not Be Empty" owner="BuiltIn">
<arg>${token}</arg>
<doc>Verifies that the given item is not empty.</doc>
<status status="NOT RUN" start="2026-04-15T18:38:07.434025" elapsed="0.000375"/>
</kw>
<status status="FAIL" start="2026-04-15T18:37:53.370610" elapsed="14.064553">Error: locator.evaluate: Unexpected token "getItem(" while parsing css selector "localStorage.getItem('token')". Did you mean to CSS.escape it?
Call log:
  - waiting for localStorage.getItem('token')
</status>
</test>
<status status="FAIL" start="2026-04-15T18:37:51.623562" elapsed="15.824098"/>
</suite>
<statistics>
<total>
<stat pass="0" fail="1" skip="0">All Tests</stat>
</total>
<tag>
</tag>
<suite>
<stat name="Login Crypto Test" id="s1" pass="0" fail="1" skip="0">Login Crypto Test</stat>
</suite>
</statistics>
<errors>
</errors>
</robot>
