<?xml version="1.0" encoding="UTF-8"?>
<robot generator="Robot 7.4.2 (Python 3.13.2 on win32)" generated="2026-04-20T22:52:59.690416" rpa="false" schemaversion="5">
<suite id="s1" name="Api Test" source="C:\Users\Koti\Desktop\hyte web1\backend week6\test\api_test.robot">
<test id="s1-t1" name="Test API Root" line="9">
<kw name="Create Session" owner="RequestsLibrary">
<msg time="2026-04-20T22:53:00.012876" level="INFO">Creating Session using : alias=mysession, url=http://127.0.0.1:3000, headers={},                     cookies={}, auth=None, timeout=None, proxies=None, verify=False,                     debug=0 </msg>
<arg>mysession</arg>
<arg>${BASE_URL}</arg>
<doc>Create Session: create a HTTP session to a server</doc>
<status status="PASS" start="2026-04-20T22:53:00.012301" elapsed="0.000803"/>
</kw>
<kw name="GET On Session" owner="RequestsLibrary">
<msg time="2026-04-20T22:53:00.419135" level="INFO">GET Request : url=http://127.0.0.1:3000/api 
 path_url=/api 
 headers={'User-Agent': 'python-requests/2.32.5', 'Accept-Encoding': 'gzip, deflate', 'Accept': '*/*', 'Connection': 'keep-alive'} 
 body=None 
 </msg>
<msg time="2026-04-20T22:53:00.419254" level="INFO">GET Response : url=http://127.0.0.1:3000/api 
 status=200, reason=OK 
 headers={'X-Powered-By': 'Express', 'Access-Control-Allow-Origin': '*', 'Content-Type': 'text/html; charset=utf-8', 'Content-Length': '33', 'ETag': 'W/"21-DRQV9fQp/K94yh7SS45C6UawVR8"', 'Date': 'Mon, 20 Apr 2026 19:53:00 GMT', 'Connection': 'keep-alive', 'Keep-Alive': 'timeout=5'} 
 body=Teacher example Health Diary API! 
 </msg>
<msg time="2026-04-20T22:53:00.419391" level="INFO">${response} = &lt;Response [200]&gt;</msg>
<var>${response}</var>
<arg>mysession</arg>
<arg>/api</arg>
<doc>Sends a GET request on a previously created HTTP Session.</doc>
<status status="PASS" start="2026-04-20T22:53:00.013502" elapsed="0.405931"/>
</kw>
<kw name="Should Be Equal As Integers" owner="BuiltIn">
<msg time="2026-04-20T22:53:00.420440" level="INFO">Argument types are:
&lt;class 'int'&gt;
&lt;class 'str'&gt;</msg>
<arg>${response.status_code}</arg>
<arg>200</arg>
<doc>Fails if objects are unequal after converting them to integers.</doc>
<status status="PASS" start="2026-04-20T22:53:00.419775" elapsed="0.000738"/>
</kw>
<status status="PASS" start="2026-04-20T22:53:00.010794" elapsed="0.410040"/>
</test>
<test id="s1-t2" name="Test Login API" line="14">
<kw name="Create Session" owner="RequestsLibrary">
<msg time="2026-04-20T22:53:00.422053" level="INFO">Creating Session using : alias=mysession, url=http://127.0.0.1:3000, headers={},                     cookies={}, auth=None, timeout=None, proxies=None, verify=False,                     debug=0 </msg>
<arg>mysession</arg>
<arg>${BASE_URL}</arg>
<doc>Create Session: create a HTTP session to a server</doc>
<status status="PASS" start="2026-04-20T22:53:00.421895" elapsed="0.000321"/>
</kw>
<kw name="Create Dictionary" owner="BuiltIn">
<msg time="2026-04-20T22:53:00.422901" level="INFO">${data} = {'username': 'testuser', 'password': 'testpass'}</msg>
<var>${data}</var>
<arg>username=testuser</arg>
<arg>password=testpass</arg>
<doc>Creates and returns a dictionary based on the given ``items``.</doc>
<status status="PASS" start="2026-04-20T22:53:00.422467" elapsed="0.000465"/>
</kw>
<kw name="POST On Session" owner="RequestsLibrary">
<msg time="2026-04-20T22:53:00.797779" level="INFO">POST Request : url=http://127.0.0.1:3000/api/users/login 
 path_url=/api/users/login 
 headers={'User-Agent': 'python-requests/2.32.5', 'Accept-Encoding': 'gzip, deflate', 'Accept': '*/*', 'Connection': 'keep-alive', 'Content-Length': '48', 'Content-Type': 'application/json'} 
 body=b'{"username": "testuser", "password": "testpass"}' 
 </msg>
<msg time="2026-04-20T22:53:00.797954" level="INFO">POST Response : url=http://127.0.0.1:3000/api/users/login 
 status=200, reason=OK 
 headers={'X-Powered-By': 'Express', 'Access-Control-Allow-Origin': '*', 'Content-Type': 'application/json; charset=utf-8', 'Content-Length': '459', 'ETag': 'W/"1cb-ETMqVujjQxxAM8pOu9EyC0pwjdc"', 'Date': 'Mon, 20 Apr 2026 19:53:00 GMT', 'Connection': 'keep-alive', 'Keep-Alive': 'timeout=5'} 
 body={"message":"login ok","user":{"user_id":4,"username":"testuser","email":"test@example.com","created_at":"2026-04-08T13:02:31.000Z","user_level":"regular"},"token":"eyJhbGciOiJIUzI1NiIsInR5cCI6IkpXVCJ9.eyJ1c2VyX2lkIjo0LCJ1c2VybmFtZSI6InRlc3R1c2VyIiwiZW1haWwiOiJ0ZXN0QGV4YW1wbGUuY29tIiwiY3JlYXRlZF9hdCI6IjIwMjYtMDQtMDhUMTM6MDI6MzEuMDAwWiIsInVzZXJfbGV2ZWwiOiJyZWd1bGFyIiwiaWF0IjoxNzc2NzE0NzgwLCJleHAiOjE3NzY4MDExODB9.jG2KnAe7KWXyFZTKWJw1hTOxAaByWUUITdttZcgj_Ag"} 
 </msg>
<msg time="2026-04-20T22:53:00.798157" level="INFO">${response} = &lt;Response [200]&gt;</msg>
<var>${response}</var>
<arg>mysession</arg>
<arg>/api/users/login</arg>
<arg>json=${data}</arg>
<doc>Sends a POST request on a previously created HTTP Session.</doc>
<status status="PASS" start="2026-04-20T22:53:00.423166" elapsed="0.375036"/>
</kw>
<kw name="Should Be Equal As Integers" owner="BuiltIn">
<msg time="2026-04-20T22:53:00.799975" level="INFO">Argument types are:
&lt;class 'int'&gt;
&lt;class 'str'&gt;</msg>
<arg>${response.status_code}</arg>
<arg>200</arg>
<doc>Fails if objects are unequal after converting them to integers.</doc>
<status status="PASS" start="2026-04-20T22:53:00.798748" elapsed="0.001372"/>
</kw>
<status status="PASS" start="2026-04-20T22:53:00.421491" elapsed="0.379099"/>
</test>
<status status="PASS" start="2026-04-20T22:52:59.695163" elapsed="1.106463"/>
</suite>
<statistics>
<total>
<stat pass="2" fail="0" skip="0">All Tests</stat>
</total>
<tag>
</tag>
<suite>
<stat name="Api Test" id="s1" pass="2" fail="0" skip="0">Api Test</stat>
</suite>
</statistics>
<errors>
</errors>
</robot>
